2025-06-05 17:36:15,594 - INFO - \U0001f4c4 Extracting skills from resume
2025-06-05 17:36:15,598 - INFO - \u2705 Skills extracted: {'Aws': 3, 'Docker': 1, 'React': 2, 'Angular': 2, 'Node.js': 3, 'Mysql': 1, 'Mongodb': 2, 'Git': 1, 'Jenkins': 2, 'Linux': 1, 'Graphql': 2, 'Typescript': 1, 'Sql': 1, 'Ci/cd': 2, 'Javascript': 2}
2025-06-05 17:36:15,598 - INFO - \U0001f50d Starting LinkedIn scraping...
2025-06-05 17:36:18,929 - INFO - \U0001f504 Scraping LinkedIn: Full Stack Developer – SDE2 - Remote - Page 1
2025-06-05 17:36:18,930 - INFO - \U0001f504 Scraping LinkedIn: Full Stack Developer – SDE2 - WFH - Page 1
2025-06-05 17:36:18,934 - INFO - \U0001f504 Scraping LinkedIn: MERN - Remote - Page 1
2025-06-05 17:36:18,935 - INFO - \U0001f504 Scraping LinkedIn: MERN - WFH - Page 1
2025-06-05 17:36:18,984 - INFO - \U0001f504 Scraping LinkedIn: Full Stack Developer – SDE2 - Hyderabad - Page 1
2025-06-05 17:36:19,014 - INFO - \U0001f504 Scraping LinkedIn: Full Stack Developer – SDE2 - Pune - Page 1
2025-06-05 17:36:19,353 - INFO - \U0001f504 Scraping LinkedIn: MERN - Pune - Page 1
2025-06-05 17:36:19,486 - INFO - \U0001f504 Scraping LinkedIn: MERN - Hyderabad - Page 1
2025-06-05 17:36:52,532 - WARNING - \u26a0\ufe0f Timeout on LinkedIn page for title=Full Stack Developer – SDE2, location=Pune
2025-06-05 17:37:00,194 - INFO - \U0001f504 Scraping LinkedIn: Software Development Engineer II - Remote - Page 1
2025-06-05 17:37:09,645 - INFO - \u2705 Found 7 jobs on page 1 for MERN - Hyderabad
2025-06-05 17:37:09,646 - INFO - \U0001f504 Scraping LinkedIn: MERN - Hyderabad - Page 2
2025-06-05 17:37:13,829 - INFO - \u2705 Found 7 jobs on page 2 for MERN - Hyderabad
2025-06-05 17:37:13,842 - INFO - \U0001f504 Scraping LinkedIn: MERN - Hyderabad - Page 3
2025-06-05 17:37:14,249 - INFO - \u2705 Found 7 jobs on page 1 for Software Development Engineer II - Remote
2025-06-05 17:37:14,253 - INFO - \U0001f504 Scraping LinkedIn: Software Development Engineer II - Remote - Page 2
2025-06-05 17:37:17,919 - INFO - \u2705 Found 7 jobs on page 3 for MERN - Hyderabad
2025-06-05 17:37:17,919 - INFO - \U0001f504 Scraping LinkedIn: MERN - Hyderabad - Page 4
2025-06-05 17:37:18,254 - INFO - \u2705 Found 7 jobs on page 2 for Software Development Engineer II - Remote
2025-06-05 17:37:18,255 - INFO - \U0001f504 Scraping LinkedIn: Software Development Engineer II - Remote - Page 3
2025-06-05 17:37:23,884 - WARNING - \u26a0\ufe0f Timeout on LinkedIn page for title=Full Stack Developer – SDE2, location=WFH
2025-06-05 17:37:31,134 - WARNING - \u26a0\ufe0f Timeout on LinkedIn page for title=MERN, location=Hyderabad
2025-06-05 17:37:31,556 - INFO - \U0001f504 Scraping LinkedIn: Software Development Engineer II - WFH - Page 1
2025-06-05 17:37:34,465 - INFO - \u2705 Found 7 jobs on page 3 for Software Development Engineer II - Remote
2025-06-05 17:37:34,465 - INFO - \U0001f504 Scraping LinkedIn: Software Development Engineer II - Remote - Page 4
2025-06-05 17:37:38,874 - INFO - \U0001f504 Scraping LinkedIn: Software Development Engineer II - Hyderabad - Page 1
2025-06-05 17:37:39,719 - WARNING - \u26a0\ufe0f Timeout on LinkedIn page for title=Full Stack Developer – SDE2, location=Hyderabad
2025-06-05 17:37:45,001 - INFO - \u2705 Found 7 jobs on page 1 for MERN - WFH
2025-06-05 17:37:45,003 - INFO - \U0001f504 Scraping LinkedIn: MERN - WFH - Page 2
2025-06-05 17:37:47,425 - INFO - \U0001f504 Scraping LinkedIn: Software Development Engineer II - Pune - Page 1
2025-06-05 17:37:51,236 - INFO - \u2705 Found 50 jobs on page 1 for MERN - Pune
2025-06-05 17:37:51,237 - INFO - \U0001f504 Scraping LinkedIn: MERN - Pune - Page 2
2025-06-05 17:37:59,529 - INFO - \u2705 Found 7 jobs on page 1 for MERN - Remote
2025-06-05 17:37:59,529 - INFO - \U0001f504 Scraping LinkedIn: MERN - Remote - Page 2
2025-06-05 17:38:20,379 - INFO - \u2705 Found 7 jobs on page 4 for Software Development Engineer II - Remote
2025-06-05 17:38:20,380 - INFO - \U0001f504 Scraping LinkedIn: Software Development Engineer II - Remote - Page 5
2025-06-05 17:38:29,401 - INFO - \u2705 Found 7 jobs on page 2 for MERN - Remote
2025-06-05 17:38:29,402 - INFO - \U0001f504 Scraping LinkedIn: MERN - Remote - Page 3
2025-06-05 17:38:42,339 - INFO - \u2705 Found 50 jobs on page 2 for MERN - Pune
2025-06-05 17:38:42,341 - INFO - \U0001f504 Scraping LinkedIn: MERN - Pune - Page 3
2025-06-05 17:38:42,873 - INFO - \u2705 Found 7 jobs on page 3 for MERN - Remote
2025-06-05 17:38:42,873 - INFO - \U0001f504 Scraping LinkedIn: MERN - Remote - Page 4
2025-06-05 17:39:01,938 - INFO - \u2705 Found 7 jobs on page 1 for Software Development Engineer II - WFH
2025-06-05 17:39:01,939 - INFO - \U0001f504 Scraping LinkedIn: Software Development Engineer II - WFH - Page 2
2025-06-05 17:39:13,864 - INFO - \u2705 Found 7 jobs on page 5 for Software Development Engineer II - Remote
2025-06-05 17:39:13,865 - INFO - \U0001f504 Scraping LinkedIn: Software Development Engineer II - Remote - Page 6
2025-06-05 17:39:19,131 - INFO - \u2705 Found 7 jobs on page 1 for Software Development Engineer II - Hyderabad
2025-06-05 17:39:19,131 - INFO - \U0001f504 Scraping LinkedIn: Software Development Engineer II - Hyderabad - Page 2
2025-06-05 17:39:40,509 - INFO - \u2705 Found 3 jobs on page 1 for Full Stack Developer – SDE2 - Remote
2025-06-05 17:39:40,509 - INFO - \U0001f504 Scraping LinkedIn: Full Stack Developer – SDE2 - Remote - Page 2
2025-06-05 17:39:44,582 - INFO - \u2705 Found 7 jobs on page 2 for Software Development Engineer II - WFH
2025-06-05 17:39:44,583 - INFO - \U0001f504 Scraping LinkedIn: Software Development Engineer II - WFH - Page 3
2025-06-05 17:39:59,329 - INFO - \u2705 Found 7 jobs on page 4 for MERN - Remote
2025-06-05 17:39:59,330 - INFO - \U0001f504 Scraping LinkedIn: MERN - Remote - Page 5
2025-06-05 17:39:59,372 - INFO - \u2705 Found 7 jobs on page 1 for Software Development Engineer II - Pune
2025-06-05 17:39:59,373 - INFO - \U0001f504 Scraping LinkedIn: Software Development Engineer II - Pune - Page 2
2025-06-05 17:40:05,210 - INFO - \u2705 Found 7 jobs on page 3 for Software Development Engineer II - WFH
2025-06-05 17:40:05,211 - INFO - \U0001f504 Scraping LinkedIn: Software Development Engineer II - WFH - Page 4
2025-06-05 17:40:07,405 - INFO - \u2705 Found 7 jobs on page 5 for MERN - Remote
2025-06-05 17:40:07,405 - INFO - \U0001f504 Scraping LinkedIn: MERN - Remote - Page 6
2025-06-05 17:40:13,663 - INFO - \u2705 Found 3 jobs on page 2 for Full Stack Developer – SDE2 - Remote
2025-06-05 17:40:13,663 - INFO - \U0001f504 Scraping LinkedIn: Full Stack Developer – SDE2 - Remote - Page 3
2025-06-05 17:40:17,943 - INFO - \u2705 Found 7 jobs on page 6 for Software Development Engineer II - Remote
2025-06-05 17:40:17,943 - INFO - \U0001f504 Scraping LinkedIn: Software Development Engineer II - Remote - Page 7
2025-06-05 17:40:36,041 - INFO - \u2705 Found 3 jobs on page 3 for Full Stack Developer – SDE2 - Remote
2025-06-05 17:40:36,044 - INFO - \U0001f504 Scraping LinkedIn: Full Stack Developer – SDE2 - Remote - Page 4
2025-06-05 17:40:36,391 - INFO - \u2705 Found 7 jobs on page 2 for Software Development Engineer II - Pune
2025-06-05 17:40:36,393 - INFO - \U0001f504 Scraping LinkedIn: Software Development Engineer II - Pune - Page 3
2025-06-05 17:40:37,588 - INFO - \u2705 Found 7 jobs on page 4 for Software Development Engineer II - WFH
2025-06-05 17:40:37,589 - INFO - \U0001f504 Scraping LinkedIn: Software Development Engineer II - WFH - Page 5
2025-06-05 17:40:38,179 - INFO - \u2705 Found 50 jobs on page 3 for MERN - Pune
2025-06-05 17:40:38,180 - INFO - \U0001f504 Scraping LinkedIn: MERN - Pune - Page 4
2025-06-05 17:40:42,520 - INFO - \u2705 Found 7 jobs on page 6 for MERN - Remote
2025-06-05 17:40:42,520 - INFO - \U0001f504 Scraping LinkedIn: MERN - Remote - Page 7
2025-06-05 17:41:06,267 - INFO - \u2705 Found 50 jobs on page 4 for MERN - Pune
2025-06-05 17:41:06,267 - INFO - \U0001f504 Scraping LinkedIn: MERN - Pune - Page 5
2025-06-05 17:41:14,305 - INFO - \u2705 Found 3 jobs on page 4 for Full Stack Developer – SDE2 - Remote
2025-06-05 17:41:14,306 - INFO - \U0001f504 Scraping LinkedIn: Full Stack Developer – SDE2 - Remote - Page 5
2025-06-05 17:41:14,886 - INFO - \u2705 Found 7 jobs on page 3 for Software Development Engineer II - Pune
2025-06-05 17:41:14,887 - INFO - \U0001f504 Scraping LinkedIn: Software Development Engineer II - Pune - Page 4
2025-06-05 17:41:21,422 - INFO - \u2705 Found 7 jobs on page 7 for MERN - Remote
2025-06-05 17:41:21,422 - INFO - \U0001f504 Scraping LinkedIn: MERN - Remote - Page 8
2025-06-05 17:41:24,541 - INFO - \u2705 Found 7 jobs on page 5 for Software Development Engineer II - WFH
2025-06-05 17:41:24,542 - INFO - \U0001f504 Scraping LinkedIn: Software Development Engineer II - WFH - Page 6
2025-06-05 17:41:27,201 - INFO - \u2705 Found 7 jobs on page 2 for MERN - WFH
2025-06-05 17:41:27,201 - INFO - \U0001f504 Scraping LinkedIn: MERN - WFH - Page 3
2025-06-05 17:41:35,170 - INFO - \u2705 Found 7 jobs on page 7 for Software Development Engineer II - Remote
2025-06-05 17:41:35,171 - INFO - \U0001f504 Scraping LinkedIn: Software Development Engineer II - Remote - Page 8
2025-06-05 17:41:40,823 - INFO - \u2705 Found 3 jobs on page 5 for Full Stack Developer – SDE2 - Remote
2025-06-05 17:41:40,823 - INFO - \U0001f504 Scraping LinkedIn: Full Stack Developer – SDE2 - Remote - Page 6
2025-06-05 17:41:45,874 - INFO - \u2705 Found 7 jobs on page 8 for MERN - Remote
2025-06-05 17:41:45,875 - INFO - \U0001f504 Scraping LinkedIn: MERN - Remote - Page 9
2025-06-05 17:42:07,995 - INFO - \u2705 Found 7 jobs on page 6 for Software Development Engineer II - WFH
2025-06-05 17:42:07,998 - INFO - \U0001f504 Scraping LinkedIn: Software Development Engineer II - WFH - Page 7
2025-06-05 17:42:10,529 - INFO - \u2705 Found 3 jobs on page 6 for Full Stack Developer – SDE2 - Remote
2025-06-05 17:42:10,531 - INFO - \U0001f504 Scraping LinkedIn: Full Stack Developer – SDE2 - Remote - Page 7
2025-06-05 17:42:11,382 - INFO - \u2705 Found 7 jobs on page 8 for Software Development Engineer II - Remote
2025-06-05 17:42:11,383 - INFO - \U0001f504 Scraping LinkedIn: Software Development Engineer II - Remote - Page 9
2025-06-05 17:42:23,411 - INFO - \u2705 Found 50 jobs on page 5 for MERN - Pune
2025-06-05 17:42:23,412 - INFO - \U0001f504 Scraping LinkedIn: MERN - Pune - Page 6
2025-06-05 17:42:38,909 - INFO - \u2705 Found 7 jobs on page 9 for MERN - Remote
2025-06-05 17:42:38,910 - INFO - \U0001f504 Scraping LinkedIn: MERN - Remote - Page 10
2025-06-05 17:42:39,959 - WARNING - \u26a0\ufe0f Timeout on LinkedIn page for title=Software Development Engineer II, location=Remote
2025-06-05 17:42:41,349 - INFO - \u2705 Found 7 jobs on page 7 for Software Development Engineer II - WFH
2025-06-05 17:42:41,350 - INFO - \U0001f504 Scraping LinkedIn: Software Development Engineer II - WFH - Page 8
2025-06-05 17:42:42,585 - INFO - \u2705 Found 50 jobs on page 6 for MERN - Pune
2025-06-05 17:42:42,586 - INFO - \U0001f504 Scraping LinkedIn: MERN - Pune - Page 7
2025-06-05 17:42:48,142 - INFO - \U0001f504 Scraping LinkedIn: Software Engineer II - Remote - Page 1
2025-06-05 17:42:58,635 - INFO - \u2705 Found 50 jobs on page 7 for MERN - Pune
2025-06-05 17:42:58,636 - INFO - \U0001f504 Scraping LinkedIn: MERN - Pune - Page 8
2025-06-05 17:43:08,733 - INFO - \u2705 Found 7 jobs on page 10 for MERN - Remote
2025-06-05 17:43:16,391 - INFO - \U0001f504 Scraping LinkedIn: Software Engineer II - WFH - Page 1
2025-06-05 17:43:22,330 - INFO - \u2705 Found 7 jobs on page 3 for MERN - WFH
2025-06-05 17:43:22,331 - INFO - \U0001f504 Scraping LinkedIn: MERN - WFH - Page 4
2025-06-05 17:43:48,355 - INFO - \u2705 Found 7 jobs on page 4 for Software Development Engineer II - Pune
2025-06-05 17:43:48,355 - INFO - \U0001f504 Scraping LinkedIn: Software Development Engineer II - Pune - Page 5
2025-06-05 17:44:12,931 - INFO - \u2705 Found 3 jobs on page 7 for Full Stack Developer – SDE2 - Remote
2025-06-05 17:44:12,931 - INFO - \U0001f504 Scraping LinkedIn: Full Stack Developer – SDE2 - Remote - Page 8
2025-06-05 17:44:19,171 - WARNING - \u26a0\ufe0f Timeout on LinkedIn page for title=Software Development Engineer II, location=Hyderabad
2025-06-05 17:44:21,004 - INFO - \u2705 Found 7 jobs on page 4 for MERN - WFH
2025-06-05 17:44:21,005 - INFO - \U0001f504 Scraping LinkedIn: MERN - WFH - Page 5
2025-06-05 17:44:25,482 - INFO - \u2705 Found 50 jobs on page 8 for MERN - Pune
2025-06-05 17:44:25,483 - INFO - \U0001f504 Scraping LinkedIn: MERN - Pune - Page 9
2025-06-05 17:44:27,690 - INFO - \U0001f504 Scraping LinkedIn: Software Engineer II - Hyderabad - Page 1
2025-06-05 17:44:45,479 - INFO - \u2705 Found 3 jobs on page 8 for Full Stack Developer – SDE2 - Remote
2025-06-05 17:44:45,480 - INFO - \U0001f504 Scraping LinkedIn: Full Stack Developer – SDE2 - Remote - Page 9
2025-06-05 17:44:45,996 - INFO - \u2705 Found 50 jobs on page 9 for MERN - Pune
2025-06-05 17:44:45,997 - INFO - \U0001f504 Scraping LinkedIn: MERN - Pune - Page 10
2025-06-05 17:44:52,492 - INFO - \u2705 Found 7 jobs on page 5 for Software Development Engineer II - Pune
2025-06-05 17:44:52,495 - INFO - \U0001f504 Scraping LinkedIn: Software Development Engineer II - Pune - Page 6
2025-06-05 17:44:57,679 - INFO - \u2705 Found 50 jobs on page 10 for MERN - Pune
2025-06-05 17:45:02,134 - INFO - \u2705 Found 3 jobs on page 9 for Full Stack Developer – SDE2 - Remote
2025-06-05 17:45:02,135 - INFO - \U0001f504 Scraping LinkedIn: Full Stack Developer – SDE2 - Remote - Page 10
2025-06-05 17:45:05,299 - INFO - \U0001f504 Scraping LinkedIn: Software Engineer II - Pune - Page 1
2025-06-05 17:45:05,947 - INFO - \u2705 Found 7 jobs on page 1 for Software Engineer II - Hyderabad
2025-06-05 17:45:05,947 - INFO - \U0001f504 Scraping LinkedIn: Software Engineer II - Hyderabad - Page 2
2025-06-05 17:45:21,765 - INFO - \u2705 Found 7 jobs on page 6 for Software Development Engineer II - Pune
2025-06-05 17:45:21,766 - INFO - \U0001f504 Scraping LinkedIn: Software Development Engineer II - Pune - Page 7
2025-06-05 17:45:38,828 - INFO - \u2705 Found 7 jobs on page 1 for Software Engineer II - Remote
2025-06-05 17:45:38,829 - INFO - \U0001f504 Scraping LinkedIn: Software Engineer II - Remote - Page 2
2025-06-05 17:45:41,851 - INFO - \u2705 Found 7 jobs on page 7 for Software Development Engineer II - Pune
2025-06-05 17:45:41,851 - INFO - \U0001f504 Scraping LinkedIn: Software Development Engineer II - Pune - Page 8
2025-06-05 17:45:46,917 - INFO - \u2705 Found 3 jobs on page 10 for Full Stack Developer – SDE2 - Remote
2025-06-05 17:45:54,575 - INFO - \U0001f504 Scraping LinkedIn: SDE2 – MERN Stack - Remote - Page 1
2025-06-05 17:45:59,579 - INFO - \u2705 Found 7 jobs on page 8 for Software Development Engineer II - WFH
2025-06-05 17:45:59,580 - INFO - \U0001f504 Scraping LinkedIn: Software Development Engineer II - WFH - Page 9
2025-06-05 17:46:14,283 - WARNING - \u26a0\ufe0f Timeout on LinkedIn page for title=Software Engineer II, location=WFH
2025-06-05 17:46:21,761 - INFO - \U0001f504 Scraping LinkedIn: SDE2 – MERN Stack - WFH - Page 1
2025-06-05 17:46:24,608 - INFO - \u2705 Found 7 jobs on page 8 for Software Development Engineer II - Pune
2025-06-05 17:46:24,608 - INFO - \U0001f504 Scraping LinkedIn: Software Development Engineer II - Pune - Page 9
2025-06-05 17:46:42,072 - WARNING - \u26a0\ufe0f Timeout on LinkedIn page for title=Software Development Engineer II, location=WFH
2025-06-05 17:46:47,425 - INFO - \u2705 Found 7 jobs on page 5 for MERN - WFH
2025-06-05 17:46:47,425 - INFO - \U0001f504 Scraping LinkedIn: MERN - WFH - Page 6
2025-06-05 17:46:49,678 - INFO - \U0001f504 Scraping LinkedIn: SDE2 – MERN Stack - Hyderabad - Page 1
2025-06-05 17:46:56,806 - INFO - \u2705 Found 1 jobs on page 1 for SDE2 – MERN Stack - Remote
2025-06-05 17:46:56,807 - INFO - \U0001f504 Scraping LinkedIn: SDE2 – MERN Stack - Remote - Page 2
2025-06-05 17:47:01,984 - WARNING - \u26a0\ufe0f Timeout on LinkedIn page for title=SDE2 – MERN Stack, location=WFH
2025-06-05 17:47:07,574 - INFO - \u2705 Found 7 jobs on page 9 for Software Development Engineer II - Pune
2025-06-05 17:47:07,575 - INFO - \U0001f504 Scraping LinkedIn: Software Development Engineer II - Pune - Page 10
2025-06-05 17:47:09,651 - INFO - \U0001f504 Scraping LinkedIn: SDE2 – MERN Stack - Pune - Page 1
2025-06-05 17:47:18,205 - WARNING - \u26a0\ufe0f Timeout on LinkedIn page for title=SDE2 – MERN Stack, location=Hyderabad
2025-06-05 17:47:18,889 - INFO - \u2705 Found 1 jobs on page 2 for SDE2 – MERN Stack - Remote
2025-06-05 17:47:18,890 - INFO - \U0001f504 Scraping LinkedIn: SDE2 – MERN Stack - Remote - Page 3
2025-06-05 17:47:40,374 - INFO - \u2705 Found 7 jobs on page 2 for Software Engineer II - Remote
2025-06-05 17:47:40,374 - INFO - \U0001f504 Scraping LinkedIn: Software Engineer II - Remote - Page 3
2025-06-05 17:47:44,156 - INFO - \u2705 Found 7 jobs on page 2 for Software Engineer II - Hyderabad
2025-06-05 17:47:44,156 - INFO - \U0001f504 Scraping LinkedIn: Software Engineer II - Hyderabad - Page 3
2025-06-05 17:47:45,126 - WARNING - \u26a0\ufe0f Timeout on LinkedIn page for title=SDE2 – MERN Stack, location=Pune
2025-06-05 17:47:48,705 - INFO - \u2705 Found 7 jobs on page 10 for Software Development Engineer II - Pune
2025-06-05 17:47:49,607 - INFO - \u2705 Found 1 jobs on page 3 for SDE2 – MERN Stack - Remote
2025-06-05 17:47:49,607 - INFO - \U0001f504 Scraping LinkedIn: SDE2 – MERN Stack - Remote - Page 4
2025-06-05 17:47:54,924 - INFO - \u2705 Found 1 jobs on page 4 for SDE2 – MERN Stack - Remote
2025-06-05 17:47:54,925 - INFO - \U0001f504 Scraping LinkedIn: SDE2 – MERN Stack - Remote - Page 5
2025-06-05 17:47:55,355 - INFO - \u2705 Found 7 jobs on page 3 for Software Engineer II - Remote
2025-06-05 17:47:55,355 - INFO - \U0001f504 Scraping LinkedIn: Software Engineer II - Remote - Page 4
2025-06-05 17:48:05,446 - INFO - \u2705 Found 1 jobs on page 5 for SDE2 – MERN Stack - Remote
2025-06-05 17:48:05,447 - INFO - \U0001f504 Scraping LinkedIn: SDE2 – MERN Stack - Remote - Page 6
2025-06-05 17:48:09,006 - INFO - \u2705 Found 7 jobs on page 4 for Software Engineer II - Remote
2025-06-05 17:48:09,007 - INFO - \U0001f504 Scraping LinkedIn: Software Engineer II - Remote - Page 5
2025-06-05 17:48:14,277 - INFO - \u2705 Found 1 jobs on page 6 for SDE2 – MERN Stack - Remote
2025-06-05 17:48:14,278 - INFO - \U0001f504 Scraping LinkedIn: SDE2 – MERN Stack - Remote - Page 7
2025-06-05 17:48:16,541 - WARNING - LinkedIn card extraction failed: Message: no such element: Unable to locate element: {"method":"css selector","selector":"h3"}
  (Session info: chrome=137.0.7151.56); For documentation on this error, please visit: https://www.selenium.dev/documentation/webdriver/troubleshooting/errors#no-such-element-exception
Stacktrace:
	GetHandleVerifier [0x0x7ff712dffea5+79173]
	GetHandleVerifier [0x0x7ff712dfff00+79264]
	(No symbol) [0x0x7ff712bb9e5a]
	(No symbol) [0x0x7ff712c10586]
	(No symbol) [0x0x7ff712c1083c]
	(No symbol) [0x0x7ff712c02e4c]
	(No symbol) [0x0x7ff712c389af]
	(No symbol) [0x0x7ff712c02d16]
	(No symbol) [0x0x7ff712c38b80]
	(No symbol) [0x0x7ff712c6100d]
	(No symbol) [0x0x7ff712c38743]
	(No symbol) [0x0x7ff712c014c1]
	(No symbol) [0x0x7ff712c02253]
	GetHandleVerifier [0x0x7ff7130ca2dd+3004797]
	GetHandleVerifier [0x0x7ff7130c472d+2981325]
	GetHandleVerifier [0x0x7ff7130e3380+3107360]
	GetHandleVerifier [0x0x7ff712e1aa2e+188622]
	GetHandleVerifier [0x0x7ff712e222bf+219487]
	GetHandleVerifier [0x0x7ff712e08df4+115860]
	GetHandleVerifier [0x0x7ff712e08fa9+116297]
	GetHandleVerifier [0x0x7ff712def558+11256]
	BaseThreadInitThunk [0x0x7ffe1c007374+20]
	RtlUserThreadStart [0x0x7ffe1d0fcc91+33]

2025-06-05 17:48:16,542 - INFO - \u2705 Found 59 jobs on page 1 for Software Engineer II - Pune
2025-06-05 17:48:16,542 - INFO - \U0001f504 Scraping LinkedIn: Software Engineer II - Pune - Page 2
2025-06-05 17:48:20,578 - INFO - \u2705 Found 7 jobs on page 3 for Software Engineer II - Hyderabad
2025-06-05 17:48:20,583 - INFO - \U0001f504 Scraping LinkedIn: Software Engineer II - Hyderabad - Page 4
2025-06-05 17:48:34,594 - INFO - \u2705 Found 7 jobs on page 6 for MERN - WFH
2025-06-05 17:48:34,594 - INFO - \U0001f504 Scraping LinkedIn: MERN - WFH - Page 7
2025-06-05 17:48:47,925 - INFO - \u2705 Found 60 jobs on page 2 for Software Engineer II - Pune
2025-06-05 17:48:47,925 - INFO - \U0001f504 Scraping LinkedIn: Software Engineer II - Pune - Page 3
2025-06-05 17:48:51,657 - INFO - \u2705 Found 1 jobs on page 7 for SDE2 – MERN Stack - Remote
2025-06-05 17:48:51,657 - INFO - \U0001f504 Scraping LinkedIn: SDE2 – MERN Stack - Remote - Page 8
2025-06-05 17:49:10,009 - INFO - \u2705 Found 7 jobs on page 4 for Software Engineer II - Hyderabad
2025-06-05 17:49:10,009 - INFO - \U0001f504 Scraping LinkedIn: Software Engineer II - Hyderabad - Page 5
2025-06-05 17:49:13,908 - INFO - \u2705 Found 60 jobs on page 3 for Software Engineer II - Pune
2025-06-05 17:49:13,909 - INFO - \U0001f504 Scraping LinkedIn: Software Engineer II - Pune - Page 4
2025-06-05 17:49:31,446 - INFO - \u2705 Found 60 jobs on page 4 for Software Engineer II - Pune
2025-06-05 17:49:31,447 - INFO - \U0001f504 Scraping LinkedIn: Software Engineer II - Pune - Page 5
2025-06-05 17:49:37,895 - INFO - \u2705 Found 1 jobs on page 8 for SDE2 – MERN Stack - Remote
2025-06-05 17:49:37,895 - INFO - \U0001f504 Scraping LinkedIn: SDE2 – MERN Stack - Remote - Page 9
2025-06-05 17:49:49,866 - INFO - \u2705 Found 7 jobs on page 7 for MERN - WFH
2025-06-05 17:49:49,866 - INFO - \U0001f504 Scraping LinkedIn: MERN - WFH - Page 8
2025-06-05 17:50:19,178 - INFO - \u2705 Found 60 jobs on page 5 for Software Engineer II - Pune
2025-06-05 17:50:19,179 - INFO - \U0001f504 Scraping LinkedIn: Software Engineer II - Pune - Page 6
2025-06-05 17:50:21,743 - INFO - \u2705 Found 1 jobs on page 9 for SDE2 – MERN Stack - Remote
2025-06-05 17:50:21,744 - INFO - \U0001f504 Scraping LinkedIn: SDE2 – MERN Stack - Remote - Page 10
2025-06-05 17:50:45,514 - INFO - \u2705 Found 1 jobs on page 10 for SDE2 – MERN Stack - Remote
2025-06-05 17:50:54,351 - WARNING - \u26a0\ufe0f Timeout on LinkedIn page for title=Software Engineer II, location=Hyderabad
2025-06-05 17:51:03,844 - INFO - \u2705 Found 60 jobs on page 6 for Software Engineer II - Pune
2025-06-05 17:51:03,845 - INFO - \U0001f504 Scraping LinkedIn: Software Engineer II - Pune - Page 7
2025-06-05 17:51:08,287 - INFO - \u2705 Found 7 jobs on page 8 for MERN - WFH
2025-06-05 17:51:08,287 - INFO - \U0001f504 Scraping LinkedIn: MERN - WFH - Page 9
2025-06-05 17:51:18,335 - INFO - \u2705 Found 7 jobs on page 9 for MERN - WFH
2025-06-05 17:51:18,335 - INFO - \U0001f504 Scraping LinkedIn: MERN - WFH - Page 10
2025-06-05 17:51:19,619 - WARNING - \u26a0\ufe0f Timeout on LinkedIn page for title=Software Engineer II, location=Pune
2025-06-05 17:51:27,132 - INFO - \u2705 Found 7 jobs on page 10 for MERN - WFH
2025-06-05 17:51:31,752 - WARNING - \u26a0\ufe0f Timeout on LinkedIn page for title=Software Engineer II, location=Remote
2025-06-05 17:51:38,093 - INFO - \U0001f3e2 Starting Company scraping...
2025-06-05 17:51:39,323 - INFO - \U0001f504 Scraping company: PhonePe
2025-06-05 17:52:17,673 - INFO - \u2705 Found 10 jobs at PhonePe
2025-06-05 17:52:25,056 - INFO - \U0001f504 Scraping company: Amazon
2025-06-05 17:54:39,469 - INFO - \u2705 Found 9 jobs at Amazon
2025-06-05 17:54:46,846 - INFO - \U0001f504 Scraping company: Microsoft
2025-06-05 17:55:12,138 - INFO - \u2705 Found 10 jobs at Microsoft
2025-06-05 17:55:19,455 - INFO - \U0001f504 Scraping company: Flipkart
2025-06-05 17:55:21,009 - INFO - \u2705 Found 0 jobs at Flipkart
2025-06-05 17:55:28,398 - INFO - \U0001f504 Scraping company: Swiggy
2025-06-05 17:56:02,368 - INFO - \u2705 Found 9 jobs at Swiggy
2025-06-05 17:56:09,888 - INFO - \U0001f504 Scraping company: Delhivery
2025-06-05 17:56:12,513 - INFO - \u2705 Found 0 jobs at Delhivery
2025-06-05 17:56:18,758 - INFO - \U0001f50e Total jobs scraped: 1342
2025-06-05 17:56:18,759 - INFO - \U0001f9e0 Filtering and scoring all jobs...
2025-06-05 17:56:18,844 - INFO - \U0001f4be Inserted 0 jobs to FilteredJobs
2025-06-05 17:56:18,844 - INFO - \U0001f552 Identifying today's jobs...
2025-06-05 17:56:18,869 - INFO - \u2705 Jobs posted today: 0
2025-06-05 17:56:18,869 - INFO - \U0001f3c1 Script completed in 1203.27 seconds
