2025-06-05 19:07:13,162 - INFO - \U0001f4c4 Extracting skills from resume
2025-06-05 19:07:13,166 - INFO - \u2705 Skills extracted: {'Aws': 3, 'Docker': 1, 'React': 2, 'Angular': 2, 'Node.js': 3, 'Mysql': 1, 'Mongodb': 2, 'Git': 1, 'Jenkins': 2, 'Linux': 1, 'Graphql': 2, 'Typescript': 1, 'Sql': 1, 'Ci/cd': 2, 'Javascript': 2}
2025-06-05 19:07:13,166 - INFO - \U0001f50d Starting LinkedIn and Company scraping concurrently...
2025-06-05 19:07:16,428 - INFO - \U0001f504 Scraping LinkedIn: Full Stack Developer – SDE2 - Remote - Page 1
2025-06-05 19:07:16,769 - INFO - \U0001f504 Scraping LinkedIn: Full Stack Developer – SDE2 - Hyderabad - Page 1
2025-06-05 19:07:16,804 - INFO - \U0001f504 Scraping LinkedIn: MERN - Hyderabad - Page 1
2025-06-05 19:07:16,819 - INFO - \U0001f504 Scraping LinkedIn: Full Stack Developer – SDE2 - WFH - Page 1
2025-06-05 19:07:16,919 - INFO - \U0001f504 Scraping LinkedIn: MERN - WFH - Page 1
2025-06-05 19:07:17,388 - INFO - \U0001f504 Scraping LinkedIn: MERN - Remote - Page 1
2025-06-05 19:07:17,398 - INFO - \U0001f504 Scraping LinkedIn: MERN - Pune - Page 1
2025-06-05 19:07:17,413 - INFO - \U0001f504 Scraping LinkedIn: Full Stack Developer – SDE2 - Pune - Page 1
2025-06-05 19:07:17,434 - INFO - \U0001f504 Scraping company: PhonePe
2025-06-05 19:07:22,935 - INFO - \u2705 Found 2 jobs on page 1 for Full Stack Developer – SDE2 - Remote
2025-06-05 19:07:22,937 - INFO - \U0001f504 Scraping LinkedIn: Full Stack Developer – SDE2 - Remote - Page 2
2025-06-05 19:07:32,034 - WARNING - \u26a0\ufe0f Timeout on LinkedIn page for title=Full Stack Developer – SDE2, location=Hyderabad
2025-06-05 19:07:32,668 - INFO - \u2705 Found 7 jobs on page 1 for MERN - Pune
2025-06-05 19:07:32,669 - INFO - \U0001f504 Scraping LinkedIn: MERN - Pune - Page 2
2025-06-05 19:07:32,731 - INFO - \u2705 Found 7 jobs on page 1 for MERN - Hyderabad
2025-06-05 19:07:32,732 - INFO - \U0001f504 Scraping LinkedIn: MERN - Hyderabad - Page 2
2025-06-05 19:07:32,853 - INFO - \u2705 Found 7 jobs on page 1 for MERN - Remote
2025-06-05 19:07:32,855 - INFO - \U0001f504 Scraping LinkedIn: MERN - Remote - Page 2
2025-06-05 19:07:32,960 - WARNING - \u26a0\ufe0f Timeout on LinkedIn page for title=Full Stack Developer – SDE2, location=WFH
2025-06-05 19:07:34,855 - INFO - \u2705 Found 7 jobs on page 1 for MERN - WFH
2025-06-05 19:07:34,858 - INFO - \U0001f504 Scraping LinkedIn: MERN - WFH - Page 2
2025-06-05 19:07:35,810 - WARNING - \u26a0\ufe0f Timeout on LinkedIn page for title=Full Stack Developer – SDE2, location=Pune
2025-06-05 19:07:36,853 - WARNING - \u26a0\ufe0f Timeout on LinkedIn page for title=Full Stack Developer – SDE2, location=Remote
2025-06-05 19:07:41,912 - INFO - \U0001f504 Scraping LinkedIn: Software Development Engineer II - Remote - Page 1
2025-06-05 19:07:42,532 - INFO - \U0001f504 Scraping LinkedIn: Software Development Engineer II - WFH - Page 1
2025-06-05 19:07:43,699 - INFO - \U0001f504 Scraping LinkedIn: Software Development Engineer II - Hyderabad - Page 1
2025-06-05 19:07:43,917 - INFO - \u2705 Found 10 jobs at PhonePe
2025-06-05 19:07:46,063 - INFO - \U0001f504 Scraping LinkedIn: Software Development Engineer II - Pune - Page 1
2025-06-05 19:07:57,948 - INFO - \u2705 Found 7 jobs on page 1 for Software Development Engineer II - Remote
2025-06-05 19:07:57,949 - INFO - \U0001f504 Scraping LinkedIn: Software Development Engineer II - Remote - Page 2
2025-06-05 19:07:57,956 - INFO - \u2705 Found 7 jobs on page 1 for Software Development Engineer II - Hyderabad
2025-06-05 19:07:57,957 - INFO - \U0001f504 Scraping LinkedIn: Software Development Engineer II - Hyderabad - Page 2
2025-06-05 19:07:58,067 - INFO - \u2705 Found 7 jobs on page 1 for Software Development Engineer II - WFH
2025-06-05 19:07:58,068 - INFO - \U0001f504 Scraping LinkedIn: Software Development Engineer II - WFH - Page 2
2025-06-05 19:07:58,234 - INFO - \u2705 Found 7 jobs on page 1 for Software Development Engineer II - Pune
2025-06-05 19:07:58,235 - INFO - \U0001f504 Scraping LinkedIn: Software Development Engineer II - Pune - Page 2
2025-06-05 19:07:59,334 - INFO - \u2705 Found 7 jobs on page 2 for MERN - Pune
2025-06-05 19:07:59,342 - INFO - \U0001f504 Scraping LinkedIn: MERN - Pune - Page 3
2025-06-05 19:07:59,599 - WARNING - \u26a0\ufe0f Timeout on LinkedIn page for title=MERN, location=Remote
2025-06-05 19:08:01,335 - INFO - \u2705 Found 7 jobs on page 2 for MERN - Hyderabad
2025-06-05 19:08:01,335 - INFO - \U0001f504 Scraping LinkedIn: MERN - Hyderabad - Page 3
2025-06-05 19:08:02,544 - INFO - \u2705 Found 7 jobs on page 2 for MERN - WFH
2025-06-05 19:08:02,546 - INFO - \U0001f504 Scraping LinkedIn: MERN - WFH - Page 3
2025-06-05 19:08:09,752 - INFO - \U0001f504 Scraping LinkedIn: Software Engineer II - Remote - Page 1
2025-06-05 19:08:10,033 - INFO - \U0001f504 Scraping company: Amazon
2025-06-05 19:08:35,280 - WARNING - \u26a0\ufe0f Timeout on LinkedIn page for title=Software Development Engineer II, location=Hyderabad
2025-06-05 19:08:48,153 - INFO - \U0001f504 Scraping LinkedIn: Software Engineer II - WFH - Page 1
2025-06-05 19:08:49,137 - INFO - \u2705 Found 7 jobs on page 2 for Software Development Engineer II - Pune
2025-06-05 19:08:49,138 - INFO - \u2705 Found 7 jobs on page 2 for Software Development Engineer II - WFH
2025-06-05 19:08:49,139 - INFO - \U0001f504 Scraping LinkedIn: Software Development Engineer II - Pune - Page 3
2025-06-05 19:08:49,140 - INFO - \U0001f504 Scraping LinkedIn: Software Development Engineer II - WFH - Page 3
2025-06-05 19:08:49,143 - INFO - \u2705 Found 7 jobs on page 3 for MERN - Hyderabad
2025-06-05 19:08:49,144 - INFO - \U0001f504 Scraping LinkedIn: MERN - Hyderabad - Page 4
2025-06-05 19:08:49,176 - INFO - \u2705 Found 7 jobs on page 3 for MERN - Pune
2025-06-05 19:08:49,177 - INFO - \U0001f504 Scraping LinkedIn: MERN - Pune - Page 4
2025-06-05 19:08:49,790 - INFO - \u2705 Found 7 jobs on page 3 for MERN - WFH
2025-06-05 19:08:49,790 - INFO - \U0001f504 Scraping LinkedIn: MERN - WFH - Page 4
2025-06-05 19:08:54,034 - INFO - \u2705 Found 7 jobs on page 2 for Software Development Engineer II - Remote
2025-06-05 19:08:54,034 - INFO - \U0001f504 Scraping LinkedIn: Software Development Engineer II - Remote - Page 3
2025-06-05 19:09:06,764 - INFO - \u2705 Found 7 jobs on page 1 for Software Engineer II - Remote
2025-06-05 19:09:06,765 - INFO - \U0001f504 Scraping LinkedIn: Software Engineer II - Remote - Page 2
2025-06-05 19:09:29,181 - INFO - \u2705 Found 9 jobs at Amazon
2025-06-05 19:09:44,477 - INFO - \U0001f504 Scraping company: Microsoft
2025-06-05 19:09:45,969 - INFO - \u2705 Found 7 jobs on page 2 for Software Engineer II - Remote
2025-06-05 19:09:45,971 - INFO - \U0001f504 Scraping LinkedIn: Software Engineer II - Remote - Page 3
2025-06-05 19:09:46,304 - INFO - \u2705 Found 0 jobs at Microsoft
2025-06-05 19:09:46,312 - INFO - \u2705 Found 7 jobs on page 4 for MERN - WFH
2025-06-05 19:09:46,313 - INFO - \U0001f504 Scraping LinkedIn: MERN - WFH - Page 5
2025-06-05 19:09:46,466 - INFO - \u2705 Found 7 jobs on page 3 for Software Development Engineer II - Pune
2025-06-05 19:09:46,468 - INFO - \U0001f504 Scraping LinkedIn: Software Development Engineer II - Pune - Page 4
2025-06-05 19:09:47,289 - INFO - \u2705 Found 7 jobs on page 4 for MERN - Hyderabad
2025-06-05 19:09:47,289 - INFO - \U0001f504 Scraping LinkedIn: MERN - Hyderabad - Page 5
2025-06-05 19:09:55,369 - INFO - \u2705 Found 7 jobs on page 3 for Software Engineer II - Remote
2025-06-05 19:09:55,371 - INFO - \U0001f504 Scraping LinkedIn: Software Engineer II - Remote - Page 4
2025-06-05 19:09:55,480 - INFO - \u2705 Found 7 jobs on page 4 for Software Development Engineer II - Pune
2025-06-05 19:09:55,481 - INFO - \U0001f504 Scraping LinkedIn: Software Development Engineer II - Pune - Page 5
2025-06-05 19:09:55,484 - INFO - \u2705 Found 7 jobs on page 3 for Software Development Engineer II - Remote
2025-06-05 19:09:55,492 - INFO - \U0001f504 Scraping LinkedIn: Software Development Engineer II - Remote - Page 4
2025-06-05 19:09:56,073 - INFO - \u2705 Found 7 jobs on page 5 for MERN - Hyderabad
2025-06-05 19:09:56,073 - INFO - \U0001f504 Scraping LinkedIn: MERN - Hyderabad - Page 6
2025-06-05 19:09:56,322 - INFO - \u2705 Found 7 jobs on page 5 for MERN - WFH
2025-06-05 19:09:56,323 - INFO - \U0001f504 Scraping LinkedIn: MERN - WFH - Page 6
2025-06-05 19:10:03,309 - INFO - \u2705 Found 7 jobs on page 1 for Software Engineer II - WFH
2025-06-05 19:10:03,330 - INFO - \U0001f504 Scraping LinkedIn: Software Engineer II - WFH - Page 2
2025-06-05 19:10:07,526 - WARNING - \u26a0\ufe0f Timeout on LinkedIn page for title=MERN, location=Hyderabad
2025-06-05 19:10:07,987 - INFO - \u2705 Found 7 jobs on page 4 for Software Engineer II - Remote
2025-06-05 19:10:07,987 - INFO - \U0001f504 Scraping LinkedIn: Software Engineer II - Remote - Page 5
2025-06-05 19:10:08,239 - WARNING - \u26a0\ufe0f Timeout on LinkedIn page for title=MERN, location=WFH
2025-06-05 19:10:09,124 - INFO - \u2705 Found 7 jobs on page 5 for Software Development Engineer II - Pune
2025-06-05 19:10:09,126 - INFO - \U0001f504 Scraping LinkedIn: Software Development Engineer II - Pune - Page 6
2025-06-05 19:10:09,324 - INFO - \u2705 Found 7 jobs on page 2 for Software Engineer II - WFH
2025-06-05 19:10:09,325 - INFO - \U0001f504 Scraping LinkedIn: Software Engineer II - WFH - Page 3
2025-06-05 19:10:09,383 - INFO - \u2705 Found 7 jobs on page 4 for MERN - Pune
2025-06-05 19:10:09,384 - INFO - \U0001f504 Scraping LinkedIn: MERN - Pune - Page 5
2025-06-05 19:10:09,485 - INFO - \u2705 Found 7 jobs on page 4 for Software Development Engineer II - Remote
2025-06-05 19:10:09,486 - INFO - \U0001f504 Scraping LinkedIn: Software Development Engineer II - Remote - Page 5
2025-06-05 19:10:17,860 - INFO - \U0001f504 Scraping company: Flipkart
2025-06-05 19:10:18,688 - INFO - \u2705 Found 0 jobs at Flipkart
2025-06-05 19:10:18,887 - INFO - \u2705 Found 7 jobs on page 5 for Software Development Engineer II - Remote
2025-06-05 19:10:18,891 - INFO - \U0001f504 Scraping LinkedIn: Software Development Engineer II - Remote - Page 6
2025-06-05 19:10:18,923 - INFO - \u2705 Found 7 jobs on page 5 for MERN - Pune
2025-06-05 19:10:18,925 - INFO - \u2705 Found 7 jobs on page 3 for Software Engineer II - WFH
2025-06-05 19:10:18,927 - INFO - \U0001f504 Scraping LinkedIn: MERN - Pune - Page 6
2025-06-05 19:10:18,928 - INFO - \U0001f504 Scraping LinkedIn: Software Engineer II - WFH - Page 4
2025-06-05 19:10:18,986 - INFO - \u2705 Found 7 jobs on page 5 for Software Engineer II - Remote
2025-06-05 19:10:18,987 - INFO - \U0001f504 Scraping LinkedIn: Software Engineer II - Remote - Page 6
2025-06-05 19:10:19,279 - INFO - \u2705 Found 7 jobs on page 6 for Software Development Engineer II - Pune
2025-06-05 19:10:19,280 - INFO - \U0001f504 Scraping LinkedIn: Software Development Engineer II - Pune - Page 7
2025-06-05 19:10:33,159 - INFO - \U0001f504 Scraping LinkedIn: Software Engineer II - Hyderabad - Page 1
2025-06-05 19:10:33,389 - WARNING - \u26a0\ufe0f Timeout on LinkedIn page for title=Software Development Engineer II, location=Pune
2025-06-05 19:10:33,432 - WARNING - \u26a0\ufe0f Timeout on LinkedIn page for title=Software Development Engineer II, location=Remote
2025-06-05 19:10:33,505 - WARNING - \u26a0\ufe0f Timeout on LinkedIn page for title=Software Engineer II, location=Remote
2025-06-05 19:10:33,671 - INFO - \u2705 Found 7 jobs on page 3 for Software Development Engineer II - WFH
2025-06-05 19:10:33,671 - INFO - \U0001f504 Scraping LinkedIn: Software Development Engineer II - WFH - Page 4
2025-06-05 19:10:33,676 - WARNING - \u26a0\ufe0f Timeout on LinkedIn page for title=MERN, location=Pune
2025-06-05 19:10:34,412 - INFO - \u2705 Found 7 jobs on page 4 for Software Engineer II - WFH
2025-06-05 19:10:34,412 - INFO - \U0001f504 Scraping LinkedIn: Software Engineer II - WFH - Page 5
2025-06-05 19:10:39,210 - INFO - \u2705 Found 7 jobs on page 5 for Software Engineer II - WFH
2025-06-05 19:10:39,210 - INFO - \U0001f504 Scraping LinkedIn: Software Engineer II - WFH - Page 6
2025-06-05 19:10:39,739 - INFO - \u2705 Found 7 jobs on page 4 for Software Development Engineer II - WFH
2025-06-05 19:10:39,740 - INFO - \U0001f504 Scraping LinkedIn: Software Development Engineer II - WFH - Page 5
2025-06-05 19:10:41,481 - INFO - \u2705 Found 7 jobs on page 1 for Software Engineer II - Hyderabad
2025-06-05 19:10:41,484 - INFO - \U0001f504 Scraping LinkedIn: Software Engineer II - Hyderabad - Page 2
2025-06-05 19:10:43,842 - INFO - \u2705 Found 7 jobs on page 6 for Software Engineer II - WFH
2025-06-05 19:10:43,843 - INFO - \U0001f504 Scraping LinkedIn: Software Engineer II - WFH - Page 7
2025-06-05 19:10:44,635 - INFO - \u2705 Found 7 jobs on page 5 for Software Development Engineer II - WFH
2025-06-05 19:10:44,636 - INFO - \U0001f504 Scraping LinkedIn: Software Development Engineer II - WFH - Page 6
2025-06-05 19:10:48,534 - INFO - \u2705 Found 7 jobs on page 2 for Software Engineer II - Hyderabad
2025-06-05 19:10:48,586 - INFO - \U0001f504 Scraping LinkedIn: Software Engineer II - Hyderabad - Page 3
2025-06-05 19:10:48,784 - INFO - \U0001f504 Scraping LinkedIn: Software Engineer II - Pune - Page 1
2025-06-05 19:10:49,467 - INFO - \U0001f504 Scraping company: Swiggy
2025-06-05 19:10:51,441 - INFO - \U0001f504 Scraping LinkedIn: SDE2 – MERN Stack - Remote - Page 1
2025-06-05 19:10:52,655 - INFO - \U0001f504 Scraping LinkedIn: SDE2 – MERN Stack - WFH - Page 1
2025-06-05 19:10:53,956 - INFO - \U0001f504 Scraping LinkedIn: SDE2 – MERN Stack - Pune - Page 1
2025-06-05 19:10:54,160 - INFO - \U0001f504 Scraping LinkedIn: SDE2 – MERN Stack - Hyderabad - Page 1
2025-06-05 19:10:57,446 - WARNING - \u26a0\ufe0f Timeout on LinkedIn page for title=Software Engineer II, location=WFH
2025-06-05 19:11:03,931 - INFO - \u2705 Found 9 jobs at Swiggy
2025-06-05 19:11:04,413 - INFO - \u2705 Found 1 jobs on page 1 for SDE2 – MERN Stack - Remote
2025-06-05 19:11:04,417 - INFO - \U0001f504 Scraping LinkedIn: SDE2 – MERN Stack - Remote - Page 2
2025-06-05 19:11:04,545 - WARNING - \u26a0\ufe0f Timeout on LinkedIn page for title=Software Development Engineer II, location=WFH
2025-06-05 19:11:04,932 - INFO - \u2705 Found 7 jobs on page 3 for Software Engineer II - Hyderabad
2025-06-05 19:11:04,933 - INFO - \U0001f504 Scraping LinkedIn: Software Engineer II - Hyderabad - Page 4
2025-06-05 19:11:07,297 - INFO - \u2705 Found 1 jobs on page 2 for SDE2 – MERN Stack - Remote
2025-06-05 19:11:07,297 - INFO - \U0001f504 Scraping LinkedIn: SDE2 – MERN Stack - Remote - Page 3
2025-06-05 19:11:07,357 - WARNING - \u26a0\ufe0f Timeout on LinkedIn page for title=SDE2 – MERN Stack, location=Hyderabad
2025-06-05 19:11:08,255 - WARNING - \u26a0\ufe0f Timeout on LinkedIn page for title=SDE2 – MERN Stack, location=WFH
2025-06-05 19:11:08,760 - INFO - \u2705 Found 7 jobs on page 4 for Software Engineer II - Hyderabad
2025-06-05 19:11:08,760 - INFO - \U0001f504 Scraping LinkedIn: Software Engineer II - Hyderabad - Page 5
2025-06-05 19:11:09,270 - WARNING - \u26a0\ufe0f Timeout on LinkedIn page for title=SDE2 – MERN Stack, location=Pune
2025-06-05 19:11:09,725 - INFO - \u2705 Found 1 jobs on page 3 for SDE2 – MERN Stack - Remote
2025-06-05 19:11:09,726 - INFO - \U0001f504 Scraping LinkedIn: SDE2 – MERN Stack - Remote - Page 4
2025-06-05 19:11:12,338 - INFO - \u2705 Found 7 jobs on page 5 for Software Engineer II - Hyderabad
2025-06-05 19:11:12,339 - INFO - \U0001f504 Scraping LinkedIn: Software Engineer II - Hyderabad - Page 6
2025-06-05 19:11:13,181 - INFO - \u2705 Found 60 jobs on page 1 for Software Engineer II - Pune
2025-06-05 19:11:13,189 - INFO - \U0001f504 Scraping LinkedIn: Software Engineer II - Pune - Page 2
2025-06-05 19:11:21,116 - WARNING - \u26a0\ufe0f Timeout on LinkedIn page for title=SDE2 – MERN Stack, location=Remote
2025-06-05 19:11:21,129 - INFO - \U0001f504 Scraping company: Delhivery
2025-06-05 19:11:23,261 - WARNING - \u26a0\ufe0f Timeout on LinkedIn page for title=Software Engineer II, location=Hyderabad
2025-06-05 19:11:24,162 - WARNING - \u26a0\ufe0f Timeout on LinkedIn page for title=Software Engineer II, location=Pune
2025-06-05 19:11:26,539 - INFO - \u2705 Found 0 jobs at Delhivery
2025-06-05 19:11:32,766 - INFO - \U0001f50e Total jobs scraped: 436
2025-06-05 19:11:32,767 - INFO - \U0001f9e0 Filtering and scoring all jobs...
2025-06-05 19:11:32,803 - INFO - \U0001f4be Inserted 0 jobs to FilteredJobs
2025-06-05 19:11:32,803 - INFO - \U0001f552 Identifying today's jobs...
2025-06-05 19:11:32,869 - INFO - \u2705 Jobs posted today: 0
2025-06-05 19:11:32,869 - INFO - \U0001f3c1 Script completed in 259.71 seconds
