2025-06-05 19:16:07,170 - INFO - \U0001f4c4 Extracting skills from resume
2025-06-05 19:16:07,174 - INFO - \u2705 Skills extracted: {'Aws': 3, 'Docker': 1, 'React': 2, 'Angular': 2, 'Node.js': 3, 'Mysql': 1, 'Mongodb': 2, 'Git': 1, 'Jenkins': 2, 'Linux': 1, 'Graphql': 2, 'Typescript': 1, 'Sql': 1, 'Ci/cd': 2, 'Javascript': 2}
2025-06-05 19:16:07,174 - INFO - \U0001f50d Starting LinkedIn and Company scraping concurrently...
2025-06-05 19:16:10,744 - INFO - \U0001f504 Scraping LinkedIn: Full Stack Developer – SDE2 - Pune - Page 1
2025-06-05 19:16:10,758 - INFO - \U0001f504 Scraping LinkedIn: MERN - Hyderabad - Page 1
2025-06-05 19:16:10,916 - INFO - \U0001f504 Scraping LinkedIn: Full Stack Developer – SDE2 - Hyderabad - Page 1
2025-06-05 19:16:11,035 - INFO - \U0001f504 Scraping LinkedIn: MERN - Remote - Page 1
2025-06-05 19:16:11,072 - INFO - \U0001f504 Scraping LinkedIn: Full Stack Developer – SDE2 - Remote - Page 1
2025-06-05 19:16:11,073 - INFO - \U0001f504 Scraping LinkedIn: MERN - WFH - Page 1
2025-06-05 19:16:11,228 - INFO - \U0001f504 Scraping LinkedIn: Full Stack Developer – SDE2 - WFH - Page 1
2025-06-05 19:16:11,424 - INFO - \U0001f504 Scraping company: PhonePe
2025-06-05 19:16:11,487 - INFO - \U0001f504 Scraping LinkedIn: MERN - Pune - Page 1
2025-06-05 19:16:27,658 - INFO - \u2705 Found 10 jobs at PhonePe
2025-06-05 19:16:27,875 - INFO - \u2705 Found 7 jobs on page 1 for MERN - Hyderabad
2025-06-05 19:16:27,875 - INFO - \U0001f504 Scraping LinkedIn: MERN - Hyderabad - Page 2
2025-06-05 19:16:28,713 - WARNING - \u26a0\ufe0f Timeout on LinkedIn page for title=Full Stack Developer – SDE2, location=WFH
2025-06-05 19:16:28,766 - WARNING - \u26a0\ufe0f Timeout on LinkedIn page for title=Full Stack Developer – SDE2, location=Hyderabad
2025-06-05 19:16:28,939 - INFO - \u2705 Found 7 jobs on page 1 for MERN - WFH
2025-06-05 19:16:28,940 - INFO - \U0001f504 Scraping LinkedIn: MERN - WFH - Page 2
2025-06-05 19:16:29,531 - INFO - \u2705 Found 7 jobs on page 1 for MERN - Remote
2025-06-05 19:16:29,532 - INFO - \U0001f504 Scraping LinkedIn: MERN - Remote - Page 2
2025-06-05 19:16:29,765 - INFO - \u2705 Found 7 jobs on page 1 for MERN - Pune
2025-06-05 19:16:29,765 - INFO - \U0001f504 Scraping LinkedIn: MERN - Pune - Page 2
2025-06-05 19:16:34,858 - INFO - \u2705 Found 2 jobs on page 1 for Full Stack Developer – SDE2 - Remote
2025-06-05 19:16:34,871 - INFO - \U0001f504 Scraping LinkedIn: Full Stack Developer – SDE2 - Remote - Page 2
2025-06-05 19:16:35,501 - WARNING - \u26a0\ufe0f Timeout on LinkedIn page for title=Full Stack Developer – SDE2, location=Pune
2025-06-05 19:16:37,975 - INFO - \u2705 Found 7 jobs on page 2 for MERN - Remote
2025-06-05 19:16:37,976 - INFO - \U0001f504 Scraping LinkedIn: MERN - Remote - Page 3
2025-06-05 19:16:38,109 - INFO - \u2705 Found 7 jobs on page 2 for MERN - Pune
2025-06-05 19:16:38,109 - INFO - \U0001f504 Scraping LinkedIn: MERN - Pune - Page 3
2025-06-05 19:16:38,121 - INFO - \u2705 Found 7 jobs on page 2 for MERN - WFH
2025-06-05 19:16:38,122 - INFO - \U0001f504 Scraping LinkedIn: MERN - WFH - Page 3
2025-06-05 19:16:40,599 - INFO - \u2705 Found 2 jobs on page 2 for Full Stack Developer – SDE2 - Remote
2025-06-05 19:16:40,684 - INFO - \U0001f504 Scraping LinkedIn: Full Stack Developer – SDE2 - Remote - Page 3
2025-06-05 19:16:47,173 - INFO - \u2705 Found 7 jobs on page 2 for MERN - Hyderabad
2025-06-05 19:16:47,174 - INFO - \U0001f504 Scraping LinkedIn: MERN - Hyderabad - Page 3
2025-06-05 19:16:47,907 - INFO - \u2705 Found 2 jobs on page 3 for Full Stack Developer – SDE2 - Remote
2025-06-05 19:16:47,908 - INFO - \U0001f504 Scraping LinkedIn: Full Stack Developer – SDE2 - Remote - Page 4
2025-06-05 19:16:48,686 - INFO - \u2705 Found 7 jobs on page 3 for MERN - Pune
2025-06-05 19:16:48,687 - INFO - \U0001f504 Scraping LinkedIn: MERN - Pune - Page 4
2025-06-05 19:16:49,177 - WARNING - \u26a0\ufe0f Timeout on LinkedIn page for title=MERN, location=Remote
2025-06-05 19:16:49,717 - WARNING - \u26a0\ufe0f Timeout on LinkedIn page for title=MERN, location=WFH
2025-06-05 19:16:51,274 - INFO - \u2705 Found 7 jobs on page 3 for MERN - Hyderabad
2025-06-05 19:16:51,274 - INFO - \U0001f504 Scraping LinkedIn: MERN - Hyderabad - Page 4
2025-06-05 19:16:51,500 - INFO - \u2705 Found 2 jobs on page 4 for Full Stack Developer – SDE2 - Remote
2025-06-05 19:16:51,501 - INFO - \U0001f504 Scraping LinkedIn: Full Stack Developer – SDE2 - Remote - Page 5
2025-06-05 19:16:52,685 - INFO - \u2705 Found 7 jobs on page 4 for MERN - Pune
2025-06-05 19:16:52,685 - INFO - \U0001f504 Scraping LinkedIn: MERN - Pune - Page 5
2025-06-05 19:16:55,728 - INFO - \u2705 Found 2 jobs on page 5 for Full Stack Developer – SDE2 - Remote
2025-06-05 19:16:55,729 - INFO - \U0001f504 Scraping LinkedIn: Full Stack Developer – SDE2 - Remote - Page 6
2025-06-05 19:16:56,433 - INFO - \u2705 Found 7 jobs on page 4 for MERN - Hyderabad
2025-06-05 19:16:56,434 - INFO - \U0001f504 Scraping LinkedIn: MERN - Hyderabad - Page 5
2025-06-05 19:16:56,579 - INFO - \u2705 Found 7 jobs on page 5 for MERN - Pune
2025-06-05 19:16:56,579 - INFO - \U0001f504 Scraping LinkedIn: MERN - Pune - Page 6
2025-06-05 19:17:06,878 - WARNING - \u26a0\ufe0f Timeout on LinkedIn page for title=Full Stack Developer – SDE2, location=Remote
2025-06-05 19:17:07,525 - WARNING - \u26a0\ufe0f Timeout on LinkedIn page for title=MERN, location=Hyderabad
2025-06-05 19:17:07,525 - WARNING - \u26a0\ufe0f Timeout on LinkedIn page for title=MERN, location=Pune
2025-06-05 19:17:08,239 - INFO - \U0001f504 Scraping company: Amazon
2025-06-05 19:17:13,378 - INFO - \U0001f504 Scraping LinkedIn: Software Development Engineer II - Remote - Page 1
2025-06-05 19:17:13,640 - INFO - \U0001f504 Scraping LinkedIn: Software Development Engineer II - Hyderabad - Page 1
2025-06-05 19:17:13,665 - INFO - \U0001f504 Scraping LinkedIn: Software Development Engineer II - WFH - Page 1
2025-06-05 19:17:13,680 - INFO - \U0001f504 Scraping LinkedIn: Software Development Engineer II - Pune - Page 1
2025-06-05 19:17:13,806 - INFO - \U0001f504 Scraping LinkedIn: Software Engineer II - Remote - Page 1
2025-06-05 19:17:14,625 - INFO - \U0001f504 Scraping LinkedIn: Software Engineer II - WFH - Page 1
2025-06-05 19:17:14,754 - INFO - \u2705 Found 10 jobs at Amazon
2025-06-05 19:17:19,118 - INFO - \U0001f504 Scraping LinkedIn: Software Engineer II - Hyderabad - Page 1
2025-06-05 19:17:21,337 - INFO - \U0001f504 Scraping LinkedIn: Software Engineer II - Pune - Page 1
2025-06-05 19:17:23,324 - INFO - \u2705 Found 7 jobs on page 1 for Software Engineer II - WFH
2025-06-05 19:17:23,325 - INFO - \U0001f504 Scraping LinkedIn: Software Engineer II - WFH - Page 2
2025-06-05 19:17:29,847 - INFO - \u2705 Found 7 jobs on page 1 for Software Development Engineer II - WFH
2025-06-05 19:17:29,848 - INFO - \U0001f504 Scraping LinkedIn: Software Development Engineer II - WFH - Page 2
2025-06-05 19:17:30,449 - INFO - \u2705 Found 7 jobs on page 1 for Software Development Engineer II - Pune
2025-06-05 19:17:30,450 - INFO - \U0001f504 Scraping LinkedIn: Software Development Engineer II - Pune - Page 2
2025-06-05 19:17:30,805 - INFO - \u2705 Found 7 jobs on page 1 for Software Development Engineer II - Hyderabad
2025-06-05 19:17:30,806 - INFO - \U0001f504 Scraping LinkedIn: Software Development Engineer II - Hyderabad - Page 2
2025-06-05 19:17:31,126 - INFO - \u2705 Found 7 jobs on page 1 for Software Engineer II - Hyderabad
2025-06-05 19:17:31,129 - INFO - \U0001f504 Scraping LinkedIn: Software Engineer II - Hyderabad - Page 2
2025-06-05 19:17:31,139 - INFO - \u2705 Found 7 jobs on page 2 for Software Engineer II - WFH
2025-06-05 19:17:31,139 - INFO - \U0001f504 Scraping LinkedIn: Software Engineer II - WFH - Page 3
2025-06-05 19:17:34,533 - WARNING - \u26a0\ufe0f Timeout on LinkedIn page for title=Software Engineer II, location=Pune
2025-06-05 19:17:39,416 - INFO - \U0001f504 Scraping company: Microsoft
2025-06-05 19:17:40,022 - INFO - \u2705 Found 7 jobs on page 2 for Software Development Engineer II - Pune
2025-06-05 19:17:40,022 - INFO - \U0001f504 Scraping LinkedIn: Software Development Engineer II - Pune - Page 3
2025-06-05 19:17:40,182 - INFO - \u2705 Found 7 jobs on page 2 for Software Development Engineer II - Hyderabad
2025-06-05 19:17:40,184 - INFO - \U0001f504 Scraping LinkedIn: Software Development Engineer II - Hyderabad - Page 3
2025-06-05 19:17:40,897 - INFO - \u2705 Found 7 jobs on page 3 for Software Engineer II - WFH
2025-06-05 19:17:40,897 - INFO - \U0001f504 Scraping LinkedIn: Software Engineer II - WFH - Page 4
2025-06-05 19:17:41,256 - INFO - \u2705 Found 7 jobs on page 2 for Software Development Engineer II - WFH
2025-06-05 19:17:41,257 - INFO - \U0001f504 Scraping LinkedIn: Software Development Engineer II - WFH - Page 3
2025-06-05 19:17:41,791 - INFO - \u2705 Found 7 jobs on page 2 for Software Engineer II - Hyderabad
2025-06-05 19:17:41,792 - INFO - \U0001f504 Scraping LinkedIn: Software Engineer II - Hyderabad - Page 3
2025-06-05 19:17:59,163 - WARNING - \u26a0\ufe0f Timeout on LinkedIn page for title=Software Development Engineer II, location=Hyderabad
2025-06-05 19:18:00,403 - WARNING - \u26a0\ufe0f Timeout on LinkedIn page for title=Software Development Engineer II, location=Pune
2025-06-05 19:18:02,875 - INFO - \u2705 Found 7 jobs on page 3 for Software Engineer II - Hyderabad
2025-06-05 19:18:02,876 - INFO - \U0001f504 Scraping LinkedIn: Software Engineer II - Hyderabad - Page 4
2025-06-05 19:18:02,936 - INFO - \u2705 Found 7 jobs on page 4 for Software Engineer II - WFH
2025-06-05 19:18:02,936 - INFO - \U0001f504 Scraping LinkedIn: Software Engineer II - WFH - Page 5
2025-06-05 19:18:02,996 - INFO - \u2705 Found 7 jobs on page 3 for Software Development Engineer II - WFH
2025-06-05 19:18:02,996 - INFO - \U0001f504 Scraping LinkedIn: Software Development Engineer II - WFH - Page 4
2025-06-05 19:18:06,090 - INFO - \u2705 Found 7 jobs on page 1 for Software Development Engineer II - Remote
2025-06-05 19:18:06,091 - INFO - \U0001f504 Scraping LinkedIn: Software Development Engineer II - Remote - Page 2
2025-06-05 19:18:06,201 - INFO - \u2705 Found 60 jobs on page 1 for Software Engineer II - Remote
2025-06-05 19:18:06,201 - INFO - \U0001f504 Scraping LinkedIn: Software Engineer II - Remote - Page 2
2025-06-05 19:18:09,487 - INFO - \u2705 Found 7 jobs on page 5 for Software Engineer II - WFH
2025-06-05 19:18:09,488 - INFO - \U0001f504 Scraping LinkedIn: Software Engineer II - WFH - Page 6
2025-06-05 19:18:09,952 - INFO - \u2705 Found 7 jobs on page 4 for Software Engineer II - Hyderabad
2025-06-05 19:18:09,953 - INFO - \U0001f504 Scraping LinkedIn: Software Engineer II - Hyderabad - Page 5
2025-06-05 19:18:17,983 - WARNING - \u26a0\ufe0f Timeout on LinkedIn page for title=Software Development Engineer II, location=Remote
2025-06-05 19:18:18,080 - INFO - \u2705 Found 10 jobs at Microsoft
2025-06-05 19:18:18,281 - INFO - \u2705 Found 7 jobs on page 6 for Software Engineer II - WFH
2025-06-05 19:18:18,281 - INFO - \U0001f504 Scraping LinkedIn: Software Engineer II - WFH - Page 7
2025-06-05 19:18:18,327 - WARNING - \u26a0\ufe0f Timeout on LinkedIn page for title=Software Engineer II, location=Remote
2025-06-05 19:18:18,342 - INFO - \u2705 Found 7 jobs on page 4 for Software Development Engineer II - WFH
2025-06-05 19:18:18,342 - INFO - \U0001f504 Scraping LinkedIn: Software Development Engineer II - WFH - Page 5
2025-06-05 19:18:21,215 - WARNING - \u26a0\ufe0f Timeout on LinkedIn page for title=Software Engineer II, location=Hyderabad
2025-06-05 19:18:21,868 - INFO - \u2705 Found 7 jobs on page 5 for Software Development Engineer II - WFH
2025-06-05 19:18:21,868 - INFO - \U0001f504 Scraping LinkedIn: Software Development Engineer II - WFH - Page 6
2025-06-05 19:18:22,409 - INFO - \u2705 Found 7 jobs on page 7 for Software Engineer II - WFH
2025-06-05 19:18:22,410 - INFO - \U0001f504 Scraping LinkedIn: Software Engineer II - WFH - Page 8
2025-06-05 19:18:26,782 - INFO - \u2705 Found 7 jobs on page 6 for Software Development Engineer II - WFH
2025-06-05 19:18:26,783 - INFO - \U0001f504 Scraping LinkedIn: Software Development Engineer II - WFH - Page 7
2025-06-05 19:18:28,753 - INFO - \U0001f504 Scraping LinkedIn: SDE2 – MERN Stack - Remote - Page 1
2025-06-05 19:18:28,773 - INFO - \U0001f504 Scraping LinkedIn: SDE2 – MERN Stack - Hyderabad - Page 1
2025-06-05 19:18:29,067 - INFO - \U0001f504 Scraping LinkedIn: SDE2 – MERN Stack - WFH - Page 1
2025-06-05 19:18:29,156 - INFO - \U0001f504 Scraping company: Flipkart
2025-06-05 19:18:29,393 - INFO - \U0001f504 Scraping LinkedIn: SDE2 – MERN Stack - Pune - Page 1
2025-06-05 19:18:29,518 - INFO - \u2705 Found 7 jobs on page 8 for Software Engineer II - WFH
2025-06-05 19:18:29,525 - INFO - \U0001f504 Scraping LinkedIn: Software Engineer II - WFH - Page 9
2025-06-05 19:18:29,979 - INFO - \u2705 Found 0 jobs at Flipkart
2025-06-05 19:18:38,752 - WARNING - \u26a0\ufe0f Timeout on LinkedIn page for title=Software Development Engineer II, location=WFH
2025-06-05 19:18:39,253 - INFO - \u2705 Found 1 jobs on page 1 for SDE2 – MERN Stack - Remote
2025-06-05 19:18:39,254 - INFO - \U0001f504 Scraping LinkedIn: SDE2 – MERN Stack - Remote - Page 2
2025-06-05 19:18:39,731 - INFO - \u2705 Found 7 jobs on page 9 for Software Engineer II - WFH
2025-06-05 19:18:39,731 - INFO - \U0001f504 Scraping LinkedIn: Software Engineer II - WFH - Page 10
2025-06-05 19:18:40,469 - WARNING - \u26a0\ufe0f Timeout on LinkedIn page for title=SDE2 – MERN Stack, location=WFH
2025-06-05 19:18:41,398 - INFO - \u2705 Found 1 jobs on page 2 for SDE2 – MERN Stack - Remote
2025-06-05 19:18:41,399 - INFO - \U0001f504 Scraping LinkedIn: SDE2 – MERN Stack - Remote - Page 3
2025-06-05 19:18:42,183 - WARNING - \u26a0\ufe0f Timeout on LinkedIn page for title=SDE2 – MERN Stack, location=Pune
2025-06-05 19:18:43,777 - INFO - \u2705 Found 1 jobs on page 3 for SDE2 – MERN Stack - Remote
2025-06-05 19:18:43,777 - INFO - \U0001f504 Scraping LinkedIn: SDE2 – MERN Stack - Remote - Page 4
2025-06-05 19:18:44,207 - INFO - \u2705 Found 7 jobs on page 10 for Software Engineer II - WFH
2025-06-05 19:18:45,375 - WARNING - \u26a0\ufe0f Timeout on LinkedIn page for title=SDE2 – MERN Stack, location=Hyderabad
2025-06-05 19:18:45,598 - INFO - \u2705 Found 1 jobs on page 4 for SDE2 – MERN Stack - Remote
2025-06-05 19:18:45,602 - INFO - \U0001f504 Scraping LinkedIn: SDE2 – MERN Stack - Remote - Page 5
2025-06-05 19:18:47,836 - INFO - \U0001f504 Scraping company: Swiggy
2025-06-05 19:18:51,736 - INFO - \u2705 Found 9 jobs at Swiggy
2025-06-05 19:18:56,679 - WARNING - \u26a0\ufe0f Timeout on LinkedIn page for title=SDE2 – MERN Stack, location=Remote
2025-06-05 19:18:59,088 - INFO - \U0001f504 Scraping company: Delhivery
2025-06-05 19:19:02,007 - INFO - \u2705 Found 0 jobs at Delhivery
2025-06-05 19:19:08,213 - INFO - \U0001f50e Total jobs scraped: 379
2025-06-05 19:19:08,214 - INFO - \U0001f9e0 Filtering and scoring all jobs...
2025-06-05 19:19:08,658 - INFO - \U0001f4be Inserted 378 jobs to FilteredJobs
2025-06-05 19:19:08,658 - INFO - \U0001f552 Identifying today's jobs...
2025-06-05 19:19:08,682 - INFO - \u2705 Jobs posted today: 59
2025-06-05 19:19:08,682 - INFO - \U0001f3c1 Script completed in 181.51 seconds
